<?xml version="1.0" encoding="UTF-8"?>
<!-- Generated by org.testng.reporters.JUnitReportReporter -->
<testsuite skipped="0" hostname="Emmanuel-Pius-Ogiji.local" name="StatusTest" tests="2" failures="0" timestamp="13 Dec 2018 11:09:52 GMT" time="0.104" errors="0">
  <testcase name="getProjects" time="0.085" classname="StatusTest"/>
  <testcase name="getServer" time="0.019" classname="StatusTest"/>
</testsuite> <!-- StatusTest -->
