<?xml version="1.0" encoding="UTF-8"?>
<!-- Generated by org.testng.reporters.JUnitReportReporter -->
<testsuite skipped="0" hostname="Emmanuel-Pius-Ogiji.local" name="UsersTest" tests="2" failures="0" timestamp="13 Dec 2018 11:32:23 GMT" time="1.236" errors="0">
  <testcase name="deleteNewUser" time="0.028" classname="UsersTest"/>
  <testcase name="createNewUser" time="1.208" classname="UsersTest"/>
</testsuite> <!-- UsersTest -->
