<?xml version="1.0" encoding="UTF-8"?>
<!-- Generated by org.testng.reporters.JUnitReportReporter -->
<testsuite skipped="0" hostname="Emmanuel-Pius-Ogiji.local" name="StatusTest" tests="2" failures="0" timestamp="13 Dec 2018 16:15:47 GMT" time="0.061" errors="0">
  <testcase name="getServer" time="0.021" classname="StatusTest"/>
  <testcase name="getProjects" time="0.040" classname="StatusTest"/>
</testsuite> <!-- StatusTest -->
