<?xml version="1.0" encoding="UTF-8"?>
<!-- Generated by org.testng.reporters.JUnitReportReporter -->
<testsuite skipped="0" hostname="Emmanuel-Pius-Ogiji.local" name="UsersTest" tests="2" failures="0" timestamp="13 Dec 2018 11:09:52 GMT" time="1.156" errors="0">
  <testcase name="createNewUser" time="1.128" classname="UsersTest"/>
  <testcase name="deleteUser" time="0.028" classname="UsersTest"/>
</testsuite> <!-- UsersTest -->
