<?xml version="1.0" encoding="UTF-8"?>
<!-- Generated by org.testng.reporters.JUnitReportReporter -->
<testsuite skipped="0" hostname="Emmanuel-Pius-Ogiji.local" name="APITest" tests="2" failures="0" timestamp="11 Dec 2018 16:09:26 GMT" time="1.162" errors="0">
  <testcase name="getServer" time="0.023" classname="APITest"/>
  <testcase name="getProjects" time="1.139" classname="APITest"/>
</testsuite> <!-- APITest -->
